<?xml version="1.0" encoding="UTF-8" ?>
<testsuite tests="5" failures="1" name="com.niit.sunny.CategoryDaoImplTest" time="3.942" errors="2" skipped="0">
  <properties>
    <property name="java.runtime.name" value="Java(TM) SE Runtime Environment"/>
    <property name="sun.boot.library.path" value="C:\Program Files\Java\jdk1.8.0_181\jre\bin"/>
    <property name="java.vm.version" value="25.181-b13"/>
    <property name="java.vm.vendor" value="Oracle Corporation"/>
    <property name="maven.multiModuleProjectDirectory" value="D:\New folder (3)\sunny"/>
    <property name="java.vendor.url" value="http://java.oracle.com/"/>
    <property name="path.separator" value=";"/>
    <property name="guice.disable.misplaced.annotation.check" value="true"/>
    <property name="java.vm.name" value="Java HotSpot(TM) 64-Bit Server VM"/>
    <property name="file.encoding.pkg" value="sun.io"/>
    <property name="user.script" value=""/>
    <property name="user.country" value="US"/>
    <property name="sun.java.launcher" value="SUN_STANDARD"/>
    <property name="sun.os.patch.level" value=""/>
    <property name="java.vm.specification.name" value="Java Virtual Machine Specification"/>
    <property name="user.dir" value="D:\New folder (3)\sunny"/>
    <property name="java.runtime.version" value="1.8.0_181-b13"/>
    <property name="java.awt.graphicsenv" value="sun.awt.Win32GraphicsEnvironment"/>
    <property name="java.endorsed.dirs" value="C:\Program Files\Java\jdk1.8.0_181\jre\lib\endorsed"/>
    <property name="os.arch" value="amd64"/>
    <property name="java.io.tmpdir" value="C:\Users\USER\AppData\Local\Temp\"/>
    <property name="line.separator" value="
"/>
    <property name="java.vm.specification.vendor" value="Oracle Corporation"/>
    <property name="user.variant" value=""/>
    <property name="os.name" value="Windows 8.1"/>
    <property name="classworlds.conf" value="D:\New folder (3)\.metadata\.plugins\org.eclipse.m2e.launching\launches\m2conf4680443382341568242.tmp"/>
    <property name="sun.jnu.encoding" value="Cp1252"/>
    <property name="java.library.path" value="C:\Program Files\Java\jdk1.8.0_181\bin;C:\windows\Sun\Java\bin;C:\windows\system32;C:\windows;C:/Program Files/Java/jre/bin/server;C:/Program Files/Java/jre/bin;C:/Program Files/Java/jre/lib/amd64;C:\Program Files\Java\jdk\bin;C:\Program Files\Java\jre\bin;C:\Users\USER\AppData\Local\Programs\Python\Python36-32\Scripts\;C:\Users\USER\AppData\Local\Programs\Python\Python36-32\;C:\windows\System32;;."/>
    <property name="java.specification.name" value="Java Platform API Specification"/>
    <property name="java.class.version" value="52.0"/>
    <property name="sun.management.compiler" value="HotSpot 64-Bit Tiered Compilers"/>
    <property name="os.version" value="6.3"/>
    <property name="user.home" value="C:\Users\USER"/>
    <property name="user.timezone" value="Asia/Calcutta"/>
    <property name="java.awt.printerjob" value="sun.awt.windows.WPrinterJob"/>
    <property name="java.specification.version" value="1.8"/>
    <property name="file.encoding" value="Cp1252"/>
    <property name="user.name" value="USER"/>
    <property name="java.class.path" value="C:\Users\USER\.p2\pool\plugins\org.eclipse.m2e.maven.runtime_1.9.1.20180912-1600\jars\plexus-classworlds-2.5.2.jar"/>
    <property name="java.vm.specification.version" value="1.8"/>
    <property name="sun.arch.data.model" value="64"/>
    <property name="java.home" value="C:\Program Files\Java\jdk1.8.0_181\jre"/>
    <property name="sun.java.command" value="org.codehaus.plexus.classworlds.launcher.Launcher -B clean install"/>
    <property name="java.specification.vendor" value="Oracle Corporation"/>
    <property name="user.language" value="en"/>
    <property name="awt.toolkit" value="sun.awt.windows.WToolkit"/>
    <property name="java.vm.info" value="mixed mode"/>
    <property name="java.version" value="1.8.0_181"/>
    <property name="java.ext.dirs" value="C:\Program Files\Java\jdk1.8.0_181\jre\lib\ext;C:\windows\Sun\Java\lib\ext"/>
    <property name="sun.boot.class.path" value="C:\Program Files\Java\jdk1.8.0_181\jre\lib\resources.jar;C:\Program Files\Java\jdk1.8.0_181\jre\lib\rt.jar;C:\Program Files\Java\jdk1.8.0_181\jre\lib\sunrsasign.jar;C:\Program Files\Java\jdk1.8.0_181\jre\lib\jsse.jar;C:\Program Files\Java\jdk1.8.0_181\jre\lib\jce.jar;C:\Program Files\Java\jdk1.8.0_181\jre\lib\charsets.jar;C:\Program Files\Java\jdk1.8.0_181\jre\lib\jfr.jar;C:\Program Files\Java\jdk1.8.0_181\jre\classes"/>
    <property name="java.vendor" value="Oracle Corporation"/>
    <property name="maven.home" value="D:\New folder (3)\sunny\EMBEDDED"/>
    <property name="file.separator" value="\"/>
    <property name="java.vendor.url.bug" value="http://bugreport.sun.com/bugreport/"/>
    <property name="sun.cpu.endian" value="little"/>
    <property name="sun.io.unicode.encoding" value="UnicodeLittle"/>
    <property name="sun.desktop" value="windows"/>
    <property name="sun.cpu.isalist" value="amd64"/>
  </properties>
  <testcase classname="com.niit.sunny.CategoryDaoImplTest" name="testGetallCategory" time="3.079"/>
  <testcase classname="com.niit.sunny.CategoryDaoImplTest" name="testUpdateCategory" time="0.056">
    <error type="java.lang.NullPointerException">java.lang.NullPointerException
	at com.niit.sunny.CategoryDaoImplTest.testUpdateCategory(CategoryDaoImplTest.java:47)
</error>
    <system-out>Hibernate: select category0_.id as id1_3_0_, category0_.categorydesc as category2_3_0_, category0_.categoryname as category3_3_0_ from Category category0_ where category0_.id=?
</system-out>
  </testcase>
  <testcase classname="com.niit.sunny.CategoryDaoImplTest" name="testdeleteCategory" time="0.152">
    <error message="attempt to create delete event with null entity" type="java.lang.IllegalArgumentException">java.lang.IllegalArgumentException: attempt to create delete event with null entity
	at org.hibernate.event.spi.DeleteEvent.&lt;init&gt;(DeleteEvent.java:31)
	at org.hibernate.internal.SessionImpl.delete(SessionImpl.java:947)
	at com.niit.DaoImpl.CategoryDaoImpl.deleteCategory(CategoryDaoImpl.java:38)
	at sun.reflect.NativeMethodAccessorImpl.invoke0(Native Method)
	at sun.reflect.NativeMethodAccessorImpl.invoke(NativeMethodAccessorImpl.java:62)
	at sun.reflect.DelegatingMethodAccessorImpl.invoke(DelegatingMethodAccessorImpl.java:43)
	at java.lang.reflect.Method.invoke(Method.java:498)
	at org.springframework.aop.support.AopUtils.invokeJoinpointUsingReflection(AopUtils.java:343)
	at org.springframework.aop.framework.ReflectiveMethodInvocation.invokeJoinpoint(ReflectiveMethodInvocation.java:198)
	at org.springframework.aop.framework.ReflectiveMethodInvocation.proceed(ReflectiveMethodInvocation.java:163)
	at org.springframework.transaction.interceptor.TransactionAspectSupport.invokeWithinTransaction(TransactionAspectSupport.java:294)
	at org.springframework.transaction.interceptor.TransactionInterceptor.invoke(TransactionInterceptor.java:98)
	at org.springframework.aop.framework.ReflectiveMethodInvocation.proceed(ReflectiveMethodInvocation.java:186)
	at org.springframework.aop.framework.JdkDynamicAopProxy.invoke(JdkDynamicAopProxy.java:212)
	at com.sun.proxy.$Proxy36.deleteCategory(Unknown Source)
	at com.niit.sunny.CategoryDaoImplTest.testdeleteCategory(CategoryDaoImplTest.java:59)
</error>
    <system-out>Hibernate: select category0_.id as id1_3_0_, category0_.categorydesc as category2_3_0_, category0_.categoryname as category3_3_0_ from Category category0_ where category0_.id=?
</system-out>
  </testcase>
  <testcase classname="com.niit.sunny.CategoryDaoImplTest" name="testSaveCategory" time="0.132"/>
  <testcase classname="com.niit.sunny.CategoryDaoImplTest" name="testGetCategory" time="0.523">
    <failure type="junit.framework.AssertionFailedError">junit.framework.AssertionFailedError
	at junit.framework.Assert.fail(Assert.java:47)
	at junit.framework.Assert.assertTrue(Assert.java:20)
	at junit.framework.Assert.assertNotNull(Assert.java:220)
	at junit.framework.Assert.assertNotNull(Assert.java:213)
	at com.niit.sunny.CategoryDaoImplTest.testGetCategory(CategoryDaoImplTest.java:35)
</failure>
    <system-out>Hibernate: select category0_.id as id1_3_0_, category0_.categorydesc as category2_3_0_, category0_.categoryname as category3_3_0_ from Category category0_ where category0_.id=?
Hibernate: select category0_.id as id1_3_0_, category0_.categorydesc as category2_3_0_, category0_.categoryname as category3_3_0_ from Category category0_ where category0_.id=?
Hibernate: select category0_.id as id1_3_0_, category0_.categorydesc as category2_3_0_, category0_.categoryname as category3_3_0_ from Category category0_ where category0_.id=?
</system-out>
  </testcase>
</testsuite>